<?xml version="1.0" encoding="UTF-8"?>
<testng-results skipped="0" failed="0" ignored="0" total="1" passed="1">
  <reporter-output>
  </reporter-output>
  <suite name="Default suite" duration-ms="14628" started-at="2018-02-25T06:03:02Z" finished-at="2018-02-25T06:03:17Z">
    <groups>
    </groups>
    <test name="Default test" duration-ms="14628" started-at="2018-02-25T06:03:02Z" finished-at="2018-02-25T06:03:17Z">
      <class name="New_Tours.NewTest_Demo">
        <test-method status="PASS" signature="beforeMethod()[pri:0, instance:New_Tours.NewTest_Demo@3bfdc050]" name="beforeMethod" is-config="true" duration-ms="7287" started-at="2018-02-25T06:03:02Z" finished-at="2018-02-25T06:03:09Z">
          <reporter-output>
          </reporter-output>
        </test-method> <!-- beforeMethod -->
        <test-method status="PASS" signature="f()[pri:0, instance:New_Tours.NewTest_Demo@3bfdc050]" name="f" duration-ms="7168" started-at="2018-02-25T06:03:09Z" finished-at="2018-02-25T06:03:17Z">
          <reporter-output>
          </reporter-output>
        </test-method> <!-- f -->
        <test-method status="PASS" signature="afterMethod()[pri:0, instance:New_Tours.NewTest_Demo@3bfdc050]" name="afterMethod" is-config="true" duration-ms="151" started-at="2018-02-25T06:03:17Z" finished-at="2018-02-25T06:03:17Z">
          <reporter-output>
          </reporter-output>
        </test-method> <!-- afterMethod -->
      </class> <!-- New_Tours.NewTest_Demo -->
    </test> <!-- Default test -->
  </suite> <!-- Default suite -->
</testng-results>
